This is pdfTeXk, Version 3.141592-1.40.3 (Web2C 7.5.6) (format=pdflatex 2012.8.16)  28 SEP 2014 13:43
entering extended mode
 %&-line parsing enabled.
**main.tex
(./main.tex
LaTeX2e <2005/12/01>
Babel <v3.8h> and hyphenation patterns for english, usenglishmax, dumylang, noh
yphenation, arabic, basque, bulgarian, coptic, welsh, czech, slovak, german, ng
erman, danish, esperanto, spanish, catalan, galician, estonian, farsi, finnish,
 french, greek, monogreek, ancientgreek, croatian, hungarian, interlingua, ibyc
us, indonesian, icelandic, italian, latin, mongolian, dutch, norsk, polish, por
tuguese, pinyin, romanian, russian, slovenian, uppersorbian, serbian, swedish, 
turkish, ukenglish, ukrainian, loaded.
(./mitthesis.cls
Document Class: mitthesis 1999/10/20
\vithesis=\count79
(/usr/share/texmf/tex/latex/base/report.cls
Document Class: report 2005/09/16 v1.4f Standard LaTeX document class
(/usr/share/texmf/tex/latex/base/size12.clo
File: size12.clo 2005/09/16 v1.4f Standard LaTeX file (size option)
)
\c@part=\count80
\c@chapter=\count81
\c@section=\count82
\c@subsection=\count83
\c@subsubsection=\count84
\c@paragraph=\count85
\c@subparagraph=\count86
\c@figure=\count87
\c@table=\count88
\abovecaptionskip=\skip41
\belowcaptionskip=\skip42
\bibindent=\dimen102
)
(/usr/share/texmf/tex/latex/setspace/setspace.sty
Package: setspace 2000/12/01 6.7 Contributed and Supported LaTeX2e package

Package: `setspace' 6.7 <2000/12/01>
)
Thesis document copyright MIT unless otherwise (manually) specified
\@titlesupervisor=\box26
\@abstractsupervisor=\box27
\c@savepage=\count89
) (./lgrind.sty
Package: lgrind 1997/01/30 v3.4 LGrind environment and supporting stuff
\lc@unt=\count90
\ln@xt=\count91
\LGnuminterval=\count92
\LGindent=\skip43
\LGsloppy=\skip44
\procbox=\box28
\ls@far=\box29
\tb@x=\box30
\TBw@d=\dimen103
\@ts=\dimen104
) (/usr/share/texmf/tex/latex/cmap/cmap.sty
Package: cmap 2004/06/16 v1.0e CMap support: searchable PDF
)
(/usr/share/texmf/tex/latex/base/fontenc.sty
Package: fontenc 2005/09/27 v1.99g Standard LaTeX package

(/usr/share/texmf/tex/latex/base/t1enc.def
File: t1enc.def 2005/09/27 v1.99g Standard LaTeX file
LaTeX Font Info:    Redeclaring font encoding T1 on input line 43.
)<<t1.cmap>>)
Enter file names to process, (chap1,chap2 ...), or `all' to process all files:

\files=
Including only .
No file main.aux.
\openout1 = `main.aux'.

LaTeX Font Info:    Checking defaults for OML/cmm/m/it on input line 45.
LaTeX Font Info:    ... okay on input line 45.
LaTeX Font Info:    Checking defaults for T1/cmr/m/n on input line 45.
LaTeX Font Info:    ... okay on input line 45.
LaTeX Font Info:    Checking defaults for OT1/cmr/m/n on input line 45.
LaTeX Font Info:    ... okay on input line 45.
LaTeX Font Info:    Checking defaults for OMS/cmsy/m/n on input line 45.
LaTeX Font Info:    ... okay on input line 45.
LaTeX Font Info:    Checking defaults for OMX/cmex/m/n on input line 45.
LaTeX Font Info:    ... okay on input line 45.
LaTeX Font Info:    Checking defaults for U/cmr/m/n on input line 45.
LaTeX Font Info:    ... okay on input line 45.
(./main.aux
No file cover.aux.
No file contents.aux.
No file chap1.aux.
No file chap2.aux.
No file appa.aux.
No file appb.aux.
No file biblio.aux.
) ) 
Here is how much of TeX's memory you used:
 648 strings out of 256216
 6166 string characters out of 1917072
 51891 words of memory out of 1500000
 3989 multiletter control sequences out of 10000+200000
 4702 words of font info for 16 fonts, out of 1200000 for 2000
 645 hyphenation exceptions out of 8191
 28i,1n,21p,140b,42s stack positions out of 5000i,500n,6000p,200000b,15000s

No pages of output.

pdfTeX warning: pdflatex: dangling objects discarded, no output file produced.

PDF statistics:
 1 PDF objects out of 1000 (max. 8388607)
 0 named destinations out of 1000 (max. 131072)
 5 words of extra memory for PDF output out of 10000 (max. 10000000)

